
Time taken to build model: 0.46 seconds
Time taken to test model on training data: 0.04 seconds

=== Error on training data ===

Correctly Classified Instances        2449               81.6333 %
Incorrectly Classified Instances       551               18.3667 %
Kappa statistic                          0.6327
Mean absolute error                      0.2725
Root mean squared error                  0.3692
Relative absolute error                 54.5099 %
Root relative squared error             73.8308 %
Total Number of Instances             3000     


=== Error on test data ===

Correctly Classified Instances         187               52.0891 %
Incorrectly Classified Instances       172               47.9109 %
Kappa statistic                          0.0398
Mean absolute error                      0.4823
Root mean squared error                  0.592 
Relative absolute error                 96.4541 %
Root relative squared error            118.3971 %
Total Number of Instances              359     

