
Time taken to build model: 0.19 seconds
Time taken to test model on training data: 0.02 seconds

=== Error on training data ===

Correctly Classified Instances         825               82.5    %
Incorrectly Classified Instances       175               17.5    %
Kappa statistic                          0.65  
Mean absolute error                      0.2569
Root mean squared error                  0.3584
Relative absolute error                 51.3869 %
Root relative squared error             71.6847 %
Total Number of Instances             1000     


=== Error on test data ===

Correctly Classified Instances         183               50.9749 %
Incorrectly Classified Instances       176               49.0251 %
Kappa statistic                          0.0176
Mean absolute error                      0.4996
Root mean squared error                  0.6243
Relative absolute error                 99.9268 %
Root relative squared error            124.853  %
Total Number of Instances              359     

