
Time taken to build model: 1.03 seconds
Time taken to test model on training data: 0.07 seconds

=== Error on training data ===

Correctly Classified Instances        5029               62.8625 %
Incorrectly Classified Instances      2971               37.1375 %
Kappa statistic                          0.2573
Mean absolute error                      0.3714
Root mean squared error                  0.6094
Relative absolute error                 74.275  %
Root relative squared error            121.8811 %
Total Number of Instances             8000     


=== Error on test data ===

Correctly Classified Instances         177               49.3036 %
Incorrectly Classified Instances       182               50.6964 %
Kappa statistic                         -0.0141
Mean absolute error                      0.507 
Root mean squared error                  0.712 
Relative absolute error                101.3928 %
Root relative squared error            142.4028 %
Total Number of Instances              359     

