
Time taken to build model: 1.83 seconds
Time taken to test model on training data: 0.18 seconds

=== Error on training data ===

Correctly Classified Instances        6872               62.4727 %
Incorrectly Classified Instances      4128               37.5273 %
Kappa statistic                          0.2495
Mean absolute error                      0.3753
Root mean squared error                  0.6126
Relative absolute error                 75.0545 %
Root relative squared error            122.519  %
Total Number of Instances            11000     


=== Error on test data ===

Correctly Classified Instances         182               50.6964 %
Incorrectly Classified Instances       177               49.3036 %
Kappa statistic                          0.0124
Mean absolute error                      0.493 
Root mean squared error                  0.7022
Relative absolute error                 98.6072 %
Root relative squared error            140.4331 %
Total Number of Instances              359     

